[2025-05-27 20:35:30,878: INFO: main: Logging is set up successfully.]
[2025-05-27 22:10:09,628: INFO: common: yaml file: config\config.yaml loaded successfully]
[2025-05-27 22:10:09,650: INFO: common: yaml file: params.yaml loaded successfully]
[2025-05-27 22:10:09,653: INFO: common: created directory at: artifacts]
[2025-05-27 22:10:09,657: INFO: common: created directory at: artifacts/data_ingestion]
[2025-05-27 22:11:47,894: INFO: common: yaml file: config\config.yaml loaded successfully]
[2025-05-27 22:11:47,898: INFO: common: yaml file: params.yaml loaded successfully]
[2025-05-27 22:11:47,902: INFO: common: created directory at: artifacts]
[2025-05-27 22:11:47,905: INFO: common: created directory at: artifacts/data_ingestion]
[2025-05-27 22:14:16,095: INFO: common: yaml file: config\config.yaml loaded successfully]
[2025-05-27 22:14:16,096: INFO: common: yaml file: params.yaml loaded successfully]
[2025-05-27 22:14:16,099: INFO: common: created directory at: artifacts]
[2025-05-27 22:14:16,101: INFO: common: created directory at: artifacts/data_ingestion]
[2025-05-27 22:14:16,104: INFO: 1183596263: Downloading data from https://drive.google.com/file/d/1YjPvyMvL_Ck7AHYv-M6LThGCz9z5T9D7/view?usp=sharing into file artifacts\data_ingestion\data.zip]
[2025-05-27 22:18:40,421: INFO: common: yaml file: config\config.yaml loaded successfully]
[2025-05-27 22:18:40,428: INFO: common: yaml file: params.yaml loaded successfully]
[2025-05-27 22:18:40,430: INFO: common: created directory at: artifacts]
[2025-05-27 22:18:40,433: INFO: common: created directory at: artifacts/data_ingestion]
[2025-05-27 22:18:40,436: INFO: 986331348: Downloading data from https://drive.google.com/file/d/1YjPvyMvL_Ck7AHYv-M6LThGCz9z5T9D7/view?usp=sharing into file artifacts/data_ingestion/data.zip]
[2025-05-27 22:21:13,286: INFO: 986331348: Downloaded data from https://drive.google.com/file/d/1YjPvyMvL_Ck7AHYv-M6LThGCz9z5T9D7/view?usp=sharing into file artifacts/data_ingestion/data.zip]
[2025-05-27 22:50:21,889: INFO: main: >>>>>> stage Data Ingestion stage started <<<<<<]
[2025-05-27 22:50:21,892: INFO: common: yaml file: config\config.yaml loaded successfully]
[2025-05-27 22:50:21,894: INFO: common: yaml file: params.yaml loaded successfully]
[2025-05-27 22:50:21,895: INFO: common: created directory at: artifacts]
[2025-05-27 22:50:21,895: INFO: common: created directory at: artifacts/data_ingestion]
[2025-05-27 22:50:21,896: INFO: data_ingestion: Downloading data from https://drive.google.com/file/d/1YjPvyMvL_Ck7AHYv-M6LThGCz9z5T9D7/view?usp=sharing into file artifacts/data_ingestion/data.zip]
[2025-05-27 22:52:09,840: INFO: data_ingestion: Downloaded data from https://drive.google.com/file/d/1YjPvyMvL_Ck7AHYv-M6LThGCz9z5T9D7/view?usp=sharing into file artifacts/data_ingestion/data.zip]
[2025-05-27 22:52:40,375: INFO: main: >>>>>> stage Data Ingestion stage completed <<<<<<]
[2025-05-28 01:07:38,892: INFO: utils: Note: NumExpr detected 12 cores but "NUMEXPR_MAX_THREADS" not set, so enforcing safe limit of 8.]
[2025-05-28 01:07:38,894: INFO: utils: NumExpr defaulting to 8 threads.]
[2025-05-28 01:12:13,108: INFO: common: yaml file: config\config.yaml loaded successfully]
[2025-05-28 01:12:13,120: INFO: common: yaml file: params.yaml loaded successfully]
[2025-05-28 01:12:13,123: INFO: common: created directory at: artifacts]
[2025-05-28 01:12:13,127: INFO: common: created directory at: artifacts/prepare_base_model]
[2025-05-28 01:12:20,450: WARNING: saving_api: You are saving your model as an HDF5 file via `model.save()` or `keras.saving.save_model(model)`. This file format is considered legacy. We recommend using instead the native Keras format, e.g. `model.save('my_model.keras')` or `keras.saving.save_model(model, 'my_model.keras')`. ]
[2025-05-28 01:12:20,736: WARNING: saving_api: You are saving your model as an HDF5 file via `model.save()` or `keras.saving.save_model(model)`. This file format is considered legacy. We recommend using instead the native Keras format, e.g. `model.save('my_model.keras')` or `keras.saving.save_model(model, 'my_model.keras')`. ]
[2025-05-28 01:22:30,391: INFO: main: >>>>>> stage Data Ingestion stage started <<<<<<]
[2025-05-28 01:22:30,397: INFO: common: yaml file: config\config.yaml loaded successfully]
[2025-05-28 01:22:30,400: INFO: common: yaml file: params.yaml loaded successfully]
[2025-05-28 01:22:30,401: INFO: common: created directory at: artifacts]
[2025-05-28 01:22:30,402: INFO: common: created directory at: artifacts/data_ingestion]
[2025-05-28 01:22:30,403: INFO: data_ingestion: Downloading data from https://drive.google.com/file/d/1YjPvyMvL_Ck7AHYv-M6LThGCz9z5T9D7/view?usp=sharing into file artifacts/data_ingestion/data.zip]
[2025-05-28 01:24:34,176: INFO: data_ingestion: Downloaded data from https://drive.google.com/file/d/1YjPvyMvL_Ck7AHYv-M6LThGCz9z5T9D7/view?usp=sharing into file artifacts/data_ingestion/data.zip]
[2025-05-28 01:25:03,593: INFO: main: >>>>>> stage Data Ingestion stage completed <<<<<<]
[2025-05-28 01:25:03,594: INFO: main: >>>>>> stage Prepare Base Model stage started <<<<<<]
[2025-05-28 01:25:03,598: INFO: common: yaml file: config\config.yaml loaded successfully]
[2025-05-28 01:25:03,601: INFO: common: yaml file: params.yaml loaded successfully]
[2025-05-28 01:25:03,602: INFO: common: created directory at: artifacts]
[2025-05-28 01:25:03,602: INFO: common: created directory at: artifacts/prepare_base_model]
[2025-05-28 01:25:04,314: WARNING: saving_api: You are saving your model as an HDF5 file via `model.save()` or `keras.saving.save_model(model)`. This file format is considered legacy. We recommend using instead the native Keras format, e.g. `model.save('my_model.keras')` or `keras.saving.save_model(model, 'my_model.keras')`. ]
[2025-05-28 01:25:04,569: WARNING: saving_api: You are saving your model as an HDF5 file via `model.save()` or `keras.saving.save_model(model)`. This file format is considered legacy. We recommend using instead the native Keras format, e.g. `model.save('my_model.keras')` or `keras.saving.save_model(model, 'my_model.keras')`. ]
[2025-05-28 01:25:04,752: INFO: main: >>>>>> stage Prepare Base Model stage completed <<<<<<]
[2025-05-28 01:30:09,069: INFO: utils: Note: NumExpr detected 12 cores but "NUMEXPR_MAX_THREADS" not set, so enforcing safe limit of 8.]
[2025-05-28 01:30:09,071: INFO: utils: NumExpr defaulting to 8 threads.]
[2025-05-28 01:30:58,720: INFO: common: yaml file: config\config.yaml loaded successfully]
[2025-05-28 01:30:58,726: INFO: common: yaml file: params.yaml loaded successfully]
[2025-05-28 01:30:58,728: INFO: common: created directory at: artifacts]
[2025-05-28 01:30:58,732: INFO: common: created directory at: artifacts\training]
[2025-05-28 01:30:59,738: WARNING: saving_utils: Compiled the loaded model, but the compiled metrics have yet to be built. `model.compile_metrics` will be empty until you train or evaluate the model.]
[2025-05-28 01:33:55,900: INFO: common: yaml file: config\config.yaml loaded successfully]
[2025-05-28 01:33:55,907: INFO: common: yaml file: params.yaml loaded successfully]
[2025-05-28 01:33:55,909: INFO: common: created directory at: artifacts]
[2025-05-28 01:33:55,912: INFO: common: created directory at: artifacts\training]
[2025-05-28 01:33:56,285: WARNING: saving_utils: Compiled the loaded model, but the compiled metrics have yet to be built. `model.compile_metrics` will be empty until you train or evaluate the model.]
[2025-05-28 01:37:50,082: INFO: common: yaml file: config\config.yaml loaded successfully]
[2025-05-28 01:37:50,088: INFO: common: yaml file: params.yaml loaded successfully]
[2025-05-28 01:37:50,091: INFO: common: created directory at: artifacts]
[2025-05-28 01:37:50,093: INFO: common: created directory at: artifacts\training]
[2025-05-28 01:37:50,433: WARNING: saving_utils: Compiled the loaded model, but the compiled metrics have yet to be built. `model.compile_metrics` will be empty until you train or evaluate the model.]
[2025-05-28 01:41:35,590: INFO: common: yaml file: config\config.yaml loaded successfully]
[2025-05-28 01:41:35,594: INFO: common: yaml file: params.yaml loaded successfully]
[2025-05-28 01:41:35,596: INFO: common: created directory at: artifacts]
[2025-05-28 01:41:35,598: INFO: common: created directory at: artifacts\training]
[2025-05-28 01:41:35,871: WARNING: saving_utils: Compiled the loaded model, but the compiled metrics have yet to be built. `model.compile_metrics` will be empty until you train or evaluate the model.]
[2025-05-28 01:42:21,116: INFO: common: yaml file: config\config.yaml loaded successfully]
[2025-05-28 01:42:21,120: INFO: common: yaml file: params.yaml loaded successfully]
[2025-05-28 01:42:21,122: INFO: common: created directory at: artifacts]
[2025-05-28 01:42:21,123: INFO: common: created directory at: artifacts\training]
[2025-05-28 01:42:21,390: WARNING: saving_utils: Compiled the loaded model, but the compiled metrics have yet to be built. `model.compile_metrics` will be empty until you train or evaluate the model.]
[2025-05-28 01:45:22,726: INFO: common: yaml file: config\config.yaml loaded successfully]
[2025-05-28 01:45:22,731: INFO: common: yaml file: params.yaml loaded successfully]
[2025-05-28 01:45:22,733: INFO: common: created directory at: artifacts]
[2025-05-28 01:45:22,735: INFO: common: created directory at: artifacts\training]
[2025-05-28 01:45:23,022: WARNING: saving_utils: Compiled the loaded model, but the compiled metrics have yet to be built. `model.compile_metrics` will be empty until you train or evaluate the model.]
[2025-05-28 01:55:02,838: INFO: utils: Note: NumExpr detected 12 cores but "NUMEXPR_MAX_THREADS" not set, so enforcing safe limit of 8.]
[2025-05-28 01:55:02,839: INFO: utils: NumExpr defaulting to 8 threads.]
[2025-05-28 01:55:23,104: INFO: common: yaml file: config\config.yaml loaded successfully]
[2025-05-28 01:55:23,108: INFO: common: yaml file: params.yaml loaded successfully]
[2025-05-28 01:55:23,111: INFO: common: created directory at: artifacts]
[2025-05-28 01:55:23,113: INFO: common: created directory at: artifacts\training]
[2025-05-28 01:55:23,534: WARNING: saving_utils: Compiled the loaded model, but the compiled metrics have yet to be built. `model.compile_metrics` will be empty until you train or evaluate the model.]
[2025-05-28 02:00:23,312: INFO: main: >>>>>> stage Data Ingestion stage started <<<<<<]
[2025-05-28 02:00:23,315: INFO: common: yaml file: config\config.yaml loaded successfully]
[2025-05-28 02:00:23,317: INFO: common: yaml file: params.yaml loaded successfully]
[2025-05-28 02:00:23,317: INFO: common: created directory at: artifacts]
[2025-05-28 02:00:23,319: INFO: common: created directory at: artifacts/data_ingestion]
[2025-05-28 02:00:23,319: INFO: data_ingestion: Downloading data from https://drive.google.com/file/d/1YjPvyMvL_Ck7AHYv-M6LThGCz9z5T9D7/view?usp=sharing into file artifacts/data_ingestion/data.zip]
[2025-05-28 02:02:26,331: INFO: data_ingestion: Downloaded data from https://drive.google.com/file/d/1YjPvyMvL_Ck7AHYv-M6LThGCz9z5T9D7/view?usp=sharing into file artifacts/data_ingestion/data.zip]
[2025-05-28 02:02:48,693: INFO: main: >>>>>> stage Data Ingestion stage completed <<<<<<]
[2025-05-28 02:02:48,693: INFO: main: >>>>>> stage Prepare Base Model stage started <<<<<<]
[2025-05-28 02:02:48,695: INFO: common: yaml file: config\config.yaml loaded successfully]
[2025-05-28 02:02:48,697: INFO: common: yaml file: params.yaml loaded successfully]
[2025-05-28 02:02:48,698: INFO: common: created directory at: artifacts]
[2025-05-28 02:02:48,698: INFO: common: created directory at: artifacts/prepare_base_model]
[2025-05-28 02:02:49,236: WARNING: saving_api: You are saving your model as an HDF5 file via `model.save()` or `keras.saving.save_model(model)`. This file format is considered legacy. We recommend using instead the native Keras format, e.g. `model.save('my_model.keras')` or `keras.saving.save_model(model, 'my_model.keras')`. ]
[2025-05-28 02:02:49,454: WARNING: saving_api: You are saving your model as an HDF5 file via `model.save()` or `keras.saving.save_model(model)`. This file format is considered legacy. We recommend using instead the native Keras format, e.g. `model.save('my_model.keras')` or `keras.saving.save_model(model, 'my_model.keras')`. ]
[2025-05-28 02:02:49,605: INFO: main: >>>>>> stage Prepare Base Model stage completed <<<<<<]
[2025-05-28 02:05:11,539: INFO: common: yaml file: config\config.yaml loaded successfully]
[2025-05-28 02:05:11,543: INFO: common: yaml file: params.yaml loaded successfully]
[2025-05-28 02:05:11,545: INFO: common: created directory at: artifacts]
[2025-05-28 02:05:11,547: INFO: common: created directory at: artifacts\training]
[2025-05-28 02:05:11,815: WARNING: saving_utils: Compiled the loaded model, but the compiled metrics have yet to be built. `model.compile_metrics` will be empty until you train or evaluate the model.]
[2025-05-28 02:06:18,536: INFO: common: yaml file: config\config.yaml loaded successfully]
[2025-05-28 02:06:18,541: INFO: common: yaml file: params.yaml loaded successfully]
[2025-05-28 02:06:18,544: INFO: common: created directory at: artifacts]
[2025-05-28 02:06:18,546: INFO: common: created directory at: artifacts\training]
[2025-05-28 02:06:18,871: WARNING: saving_utils: Compiled the loaded model, but the compiled metrics have yet to be built. `model.compile_metrics` will be empty until you train or evaluate the model.]
[2025-05-28 02:10:41,187: INFO: common: yaml file: config\config.yaml loaded successfully]
[2025-05-28 02:10:41,192: INFO: common: yaml file: params.yaml loaded successfully]
[2025-05-28 02:10:41,194: INFO: common: created directory at: artifacts]
[2025-05-28 02:10:41,196: INFO: common: created directory at: artifacts\training]
[2025-05-28 02:10:41,469: WARNING: saving_utils: Compiled the loaded model, but the compiled metrics have yet to be built. `model.compile_metrics` will be empty until you train or evaluate the model.]
[2025-05-28 03:02:15,638: WARNING: saving_api: You are saving your model as an HDF5 file via `model.save()` or `keras.saving.save_model(model)`. This file format is considered legacy. We recommend using instead the native Keras format, e.g. `model.save('my_model.keras')` or `keras.saving.save_model(model, 'my_model.keras')`. ]
[2025-05-28 22:54:32,123: INFO: main: >>>>>> stage Data Ingestion stage started <<<<<<]
[2025-05-28 22:54:32,138: INFO: common: yaml file: config\config.yaml loaded successfully]
[2025-05-28 22:54:32,142: INFO: common: yaml file: params.yaml loaded successfully]
[2025-05-28 22:54:32,143: INFO: common: created directory at: artifacts]
[2025-05-28 22:54:32,143: INFO: common: created directory at: artifacts/data_ingestion]
[2025-05-28 22:54:32,145: INFO: data_ingestion: Downloading data from https://drive.google.com/file/d/1YjPvyMvL_Ck7AHYv-M6LThGCz9z5T9D7/view?usp=sharing into file artifacts/data_ingestion/data.zip]
[2025-05-28 22:56:18,928: INFO: data_ingestion: Downloaded data from https://drive.google.com/file/d/1YjPvyMvL_Ck7AHYv-M6LThGCz9z5T9D7/view?usp=sharing into file artifacts/data_ingestion/data.zip]
[2025-05-28 22:56:43,939: INFO: main: >>>>>> stage Data Ingestion stage completed <<<<<<]
[2025-05-28 22:56:43,940: INFO: main: >>>>>> stage Prepare Base Model stage started <<<<<<]
[2025-05-28 22:56:43,942: INFO: common: yaml file: config\config.yaml loaded successfully]
[2025-05-28 22:56:43,944: INFO: common: yaml file: params.yaml loaded successfully]
[2025-05-28 22:56:43,944: INFO: common: created directory at: artifacts]
[2025-05-28 22:56:43,945: INFO: common: created directory at: artifacts/prepare_base_model]
[2025-05-28 22:56:44,590: WARNING: saving_api: You are saving your model as an HDF5 file via `model.save()` or `keras.saving.save_model(model)`. This file format is considered legacy. We recommend using instead the native Keras format, e.g. `model.save('my_model.keras')` or `keras.saving.save_model(model, 'my_model.keras')`. ]
[2025-05-28 22:56:44,801: WARNING: saving_api: You are saving your model as an HDF5 file via `model.save()` or `keras.saving.save_model(model)`. This file format is considered legacy. We recommend using instead the native Keras format, e.g. `model.save('my_model.keras')` or `keras.saving.save_model(model, 'my_model.keras')`. ]
[2025-05-28 22:56:44,947: INFO: main: >>>>>> stage Prepare Base Model stage completed <<<<<<]
[2025-05-28 22:56:44,948: INFO: main: *******************]
[2025-05-28 22:56:44,948: INFO: main: >>>>>> stage Training started <<<<<<]
[2025-05-28 22:56:44,950: INFO: common: yaml file: config\config.yaml loaded successfully]
[2025-05-28 22:56:44,952: INFO: common: yaml file: params.yaml loaded successfully]
[2025-05-28 22:56:44,952: INFO: common: created directory at: artifacts]
[2025-05-28 22:56:44,953: INFO: common: created directory at: artifacts\training]
[2025-05-28 22:56:45,195: WARNING: saving_utils: Compiled the loaded model, but the compiled metrics have yet to be built. `model.compile_metrics` will be empty until you train or evaluate the model.]
[2025-05-28 22:56:45,209: ERROR: main: [WinError 3] The system cannot find the path specified: 'artifacts\\data_ingestion\\kidney-ct-scan-image']
Traceback (most recent call last):
  File "D:\UTD\Academics\Kidney-Disease-Classification-Project\main.py", line 37, in <module>
    model_trainer.main()
  File "D:\UTD\Academics\Kidney-Disease-Classification-Project\src\cnnClassifier\pipeline\stage_03_model_training.py", line 18, in main
    training.train_valid_generator()
  File "D:\UTD\Academics\Kidney-Disease-Classification-Project\src\cnnClassifier\components\model_training.py", line 43, in train_valid_generator
    self.valid_generator = valid_datagenerator.flow_from_directory(
                           ^^^^^^^^^^^^^^^^^^^^^^^^^^^^^^^^^^^^^^^^
  File "C:\Users\SAMAD MEHNDI\AppData\Roaming\Python\Python312\site-packages\keras\src\legacy\preprocessing\image.py", line 1138, in flow_from_directory
    return DirectoryIterator(
           ^^^^^^^^^^^^^^^^^^
  File "C:\Users\SAMAD MEHNDI\AppData\Roaming\Python\Python312\site-packages\keras\src\legacy\preprocessing\image.py", line 453, in __init__
    for subdir in sorted(os.listdir(directory)):
                         ^^^^^^^^^^^^^^^^^^^^^
FileNotFoundError: [WinError 3] The system cannot find the path specified: 'artifacts\\data_ingestion\\kidney-ct-scan-image'
[2025-05-29 00:16:59,852: INFO: main: >>>>>> stage Data Ingestion stage started <<<<<<]
[2025-05-29 00:16:59,874: INFO: common: yaml file: config\config.yaml loaded successfully]
[2025-05-29 00:16:59,879: INFO: common: yaml file: params.yaml loaded successfully]
[2025-05-29 00:16:59,880: INFO: common: created directory at: artifacts]
[2025-05-29 00:16:59,881: INFO: common: created directory at: artifacts/data_ingestion]
[2025-05-29 00:16:59,882: INFO: data_ingestion: Downloading data from https://drive.google.com/file/d/1-AfcyX3S0YouaJOIjovP8pXFAcxmQdGg/view?usp=sharing into file artifacts/data_ingestion/data.zip]
[2025-05-29 00:20:29,007: INFO: main: >>>>>> stage Data Ingestion stage started <<<<<<]
[2025-05-29 00:20:29,010: INFO: common: yaml file: config\config.yaml loaded successfully]
[2025-05-29 00:20:29,012: INFO: common: yaml file: params.yaml loaded successfully]
[2025-05-29 00:20:29,013: INFO: common: created directory at: artifacts]
[2025-05-29 00:20:29,014: INFO: common: created directory at: artifacts/data_ingestion]
[2025-05-29 00:20:29,014: INFO: data_ingestion: Downloading data from https://drive.google.com/file/d/1-AfcyX3S0YouaJOIjovP8pXFAcxmQdGg/view?usp=sharing into file artifacts/data_ingestion/data.zip]
[2025-05-29 00:22:22,030: INFO: data_ingestion: Downloaded data from https://drive.google.com/file/d/1-AfcyX3S0YouaJOIjovP8pXFAcxmQdGg/view?usp=sharing into file artifacts/data_ingestion/data.zip]
[2025-05-29 00:22:36,119: INFO: main: >>>>>> stage Data Ingestion stage completed <<<<<<]
[2025-05-29 00:22:36,120: INFO: main: >>>>>> stage Prepare Base Model stage started <<<<<<]
[2025-05-29 00:22:36,122: INFO: common: yaml file: config\config.yaml loaded successfully]
[2025-05-29 00:22:36,124: INFO: common: yaml file: params.yaml loaded successfully]
[2025-05-29 00:22:36,125: INFO: common: created directory at: artifacts]
[2025-05-29 00:22:36,125: INFO: common: created directory at: artifacts/prepare_base_model]
[2025-05-29 00:22:36,879: WARNING: saving_api: You are saving your model as an HDF5 file via `model.save()` or `keras.saving.save_model(model)`. This file format is considered legacy. We recommend using instead the native Keras format, e.g. `model.save('my_model.keras')` or `keras.saving.save_model(model, 'my_model.keras')`. ]
[2025-05-29 00:22:37,111: WARNING: saving_api: You are saving your model as an HDF5 file via `model.save()` or `keras.saving.save_model(model)`. This file format is considered legacy. We recommend using instead the native Keras format, e.g. `model.save('my_model.keras')` or `keras.saving.save_model(model, 'my_model.keras')`. ]
[2025-05-29 00:22:37,273: INFO: main: >>>>>> stage Prepare Base Model stage completed <<<<<<]
[2025-05-29 00:22:37,273: INFO: main: *******************]
[2025-05-29 00:22:37,274: INFO: main: >>>>>> stage Training started <<<<<<]
[2025-05-29 00:22:37,276: INFO: common: yaml file: config\config.yaml loaded successfully]
[2025-05-29 00:22:37,277: INFO: common: yaml file: params.yaml loaded successfully]
[2025-05-29 00:22:37,278: INFO: common: created directory at: artifacts]
[2025-05-29 00:22:37,279: INFO: common: created directory at: artifacts\training]
[2025-05-29 00:22:37,614: WARNING: saving_utils: Compiled the loaded model, but the compiled metrics have yet to be built. `model.compile_metrics` will be empty until you train or evaluate the model.]
[2025-05-29 00:38:18,661: WARNING: saving_api: You are saving your model as an HDF5 file via `model.save()` or `keras.saving.save_model(model)`. This file format is considered legacy. We recommend using instead the native Keras format, e.g. `model.save('my_model.keras')` or `keras.saving.save_model(model, 'my_model.keras')`. ]
[2025-05-29 00:38:18,822: INFO: main: >>>>>> stage Training completed <<<<<<

x==========x]
